<?xml version="1.0" encoding="UTF-8"?>
<testng-results ignored="0" total="4" passed="4" failed="0" skipped="0">
  <reporter-output>
  </reporter-output>
  <suite started-at="2024-10-15T23:20:15 IST" name="All Test Suite" finished-at="2024-10-15T23:20:37 IST" duration-ms="21811">
    <groups>
    </groups>
    <test started-at="2024-10-15T23:20:15 IST" name="C:/Workspace/TestNG/src/test/java/TestNG/OrangeHRM.java" finished-at="2024-10-15T23:20:37 IST" duration-ms="21811">
      <class name="TestNG.OrangeHRM">
        <test-method signature="openapp()[pri:1, instance:TestNG.OrangeHRM@3c72f59f]" started-at="2024-10-15T23:20:15 IST" name="openapp" finished-at="2024-10-15T23:20:29 IST" duration-ms="13728" status="PASS">
          <reporter-output>
          </reporter-output>
        </test-method> <!-- openapp -->
        <test-method signature="capturelogo()[pri:2, instance:TestNG.OrangeHRM@3c72f59f]" started-at="2024-10-15T23:20:29 IST" name="capturelogo" finished-at="2024-10-15T23:20:31 IST" duration-ms="2180" status="PASS">
          <reporter-output>
          </reporter-output>
        </test-method> <!-- capturelogo -->
        <test-method signature="login()[pri:3, instance:TestNG.OrangeHRM@3c72f59f]" started-at="2024-10-15T23:20:31 IST" name="login" finished-at="2024-10-15T23:20:37 IST" duration-ms="5592" status="PASS">
          <reporter-output>
          </reporter-output>
        </test-method> <!-- login -->
        <test-method signature="logout()[pri:4, instance:TestNG.OrangeHRM@3c72f59f]" started-at="2024-10-15T23:20:37 IST" name="logout" finished-at="2024-10-15T23:20:37 IST" duration-ms="270" status="PASS">
          <reporter-output>
          </reporter-output>
        </test-method> <!-- logout -->
      </class> <!-- TestNG.OrangeHRM -->
    </test> <!-- C:/Workspace/TestNG/src/test/java/TestNG/OrangeHRM.java -->
  </suite> <!-- All Test Suite -->
</testng-results>
